<?xml version="1.0" encoding="UTF-8"?>
<!-- Generated by org.testng.reporters.JUnitReportReporter -->
<testsuite hostname="MININT-DPNQ1NL" failures="0" tests="1" name="TestLayer.Demo" time="2.532" errors="0" timestamp="2021-10-14T19:54:15 IST" skipped="0">
  <testcase classname="TestLayer.Demo" name="validateGetMethod" time="2.532"/>
  <system-out/>
</testsuite> <!-- TestLayer.Demo -->
